<?xml version="1.0" encoding="UTF-8"?>
<testng-results ignored="0" total="2" passed="2" failed="0" skipped="0">
  <reporter-output>
  </reporter-output>
  <suite started-at="2023-02-05T11:17:28 CET" name="Default suite" finished-at="2023-02-05T11:17:55 CET" duration-ms="27055">
    <groups>
      <group name="cucumber">
        <method signature="AbstractTestNGCucumberTests.runScenario(io.cucumber.testng.PickleWrapper,io.cucumber.testng.FeatureWrapper)[pri:0, instance:runner.RunCuke@1ce24091]" name="runScenario" class="io.cucumber.testng.AbstractTestNGCucumberTests"/>
      </group> <!-- cucumber -->
    </groups>
    <test started-at="2023-02-05T11:17:28 CET" name="Default test" finished-at="2023-02-05T11:17:55 CET" duration-ms="27055">
      <class name="runner.RunCuke">
        <test-method is-config="true" signature="setUpClass(org.testng.ITestContext)[pri:0, instance:runner.RunCuke@1ce24091]" started-at="2023-02-05T11:17:28 CET" name="setUpClass" finished-at="2023-02-05T11:17:28 CET" duration-ms="791" status="PASS">
          <params>
            <param index="0">
              <value>
                <![CDATA[org.testng.TestRunner@6eeb29c0]]>
              </value>
            </param>
          </params>
          <reporter-output>
          </reporter-output>
        </test-method> <!-- setUpClass -->
        <test-method signature="runScenario(io.cucumber.testng.PickleWrapper,io.cucumber.testng.FeatureWrapper)[pri:0, instance:runner.RunCuke@1ce24091]" started-at="2023-02-05T11:17:28 CET" name="runScenario" description="Runs Cucumber Scenarios" data-provider="scenarios" finished-at="2023-02-05T11:17:41 CET" duration-ms="12767" status="PASS">
          <params>
            <param index="0">
              <value>
                <![CDATA["Validate the carModel dropdown is present when the carMake is selected"]]>
              </value>
            </param>
            <param index="1">
              <value>
                <![CDATA["Acceptance testing to validate Find a Dealer page is working fine."]]>
              </value>
            </param>
          </params>
          <reporter-output>
          </reporter-output>
        </test-method> <!-- runScenario -->
        <test-method signature="runScenario(io.cucumber.testng.PickleWrapper,io.cucumber.testng.FeatureWrapper)[pri:0, instance:runner.RunCuke@1ce24091]" started-at="2023-02-05T11:17:41 CET" name="runScenario" description="Runs Cucumber Scenarios" data-provider="scenarios" finished-at="2023-02-05T11:17:54 CET" duration-ms="13104" status="PASS">
          <params>
            <param index="0">
              <value>
                <![CDATA["Validate the carModel dropdown is not present when the carMake is not selected"]]>
              </value>
            </param>
            <param index="1">
              <value>
                <![CDATA["Acceptance testing to validate Find a Dealer page is working fine."]]>
              </value>
            </param>
          </params>
          <reporter-output>
          </reporter-output>
        </test-method> <!-- runScenario -->
        <test-method is-config="true" signature="tearDownClass()[pri:0, instance:runner.RunCuke@1ce24091]" started-at="2023-02-05T11:17:54 CET" name="tearDownClass" finished-at="2023-02-05T11:17:55 CET" duration-ms="359" status="PASS">
          <reporter-output>
          </reporter-output>
        </test-method> <!-- tearDownClass -->
      </class> <!-- runner.RunCuke -->
    </test> <!-- Default test -->
  </suite> <!-- Default suite -->
</testng-results>
